0:0:0:0:0:0:0:1 - - [15/jun/2020:14:35:51 -0300] "GET / HTTP/1.1" 200 - "-" "Mozilla/5.0 (Windows NT 10.0; Win64; x64) AppleWebKit/537.36 (KHTML, like Gecko) Chrome/83.0.4103.97 Safari/537.36" "AXK5DTwCaSyCPyS9AAAA"
0:0:0:0:0:0:0:1 - - [15/jun/2020:14:35:51 -0300] "GET /js/main.m.9a77a104.js HTTP/1.1" 200 - "http://localhost:9000/" "Mozilla/5.0 (Windows NT 10.0; Win64; x64) AppleWebKit/537.36 (KHTML, like Gecko) Chrome/83.0.4103.97 Safari/537.36" "AXK5DTwCaSyCPyS9AAAC"
0:0:0:0:0:0:0:1 - - [15/jun/2020:14:35:52 -0300] "GET /js/vendors-main.m.e9260f78.chunk.js HTTP/1.1" 200 - "http://localhost:9000/" "Mozilla/5.0 (Windows NT 10.0; Win64; x64) AppleWebKit/537.36 (KHTML, like Gecko) Chrome/83.0.4103.97 Safari/537.36" "AXK5DTwCaSyCPyS9AAAB"
0:0:0:0:0:0:0:1 - - [15/jun/2020:14:35:52 -0300] "GET /api/l10n/index?locale=pt-BR HTTP/1.1" 200 - "http://localhost:9000/" "Mozilla/5.0 (Windows NT 10.0; Win64; x64) AppleWebKit/537.36 (KHTML, like Gecko) Chrome/83.0.4103.97 Safari/537.36" "AXK5DTwCaSyCPyS9AAAE"
0:0:0:0:0:0:0:1 - - [15/jun/2020:14:35:52 -0300] "GET /api/navigation/global HTTP/1.1" 200 517 "http://localhost:9000/" "Mozilla/5.0 (Windows NT 10.0; Win64; x64) AppleWebKit/537.36 (KHTML, like Gecko) Chrome/83.0.4103.97 Safari/537.36" "AXK5DTwCaSyCPyS9AAAH"
0:0:0:0:0:0:0:1 - - [15/jun/2020:14:35:52 -0300] "GET /js/16.m.df362b2d.chunk.js HTTP/1.1" 200 - "http://localhost:9000/" "Mozilla/5.0 (Windows NT 10.0; Win64; x64) AppleWebKit/537.36 (KHTML, like Gecko) Chrome/83.0.4103.97 Safari/537.36" "AXK5DTwCaSyCPyS9AAAF"
0:0:0:0:0:0:0:1 - - [15/jun/2020:14:35:52 -0300] "GET /js/vendors-app.m.6081dabd.chunk.js HTTP/1.1" 200 - "http://localhost:9000/" "Mozilla/5.0 (Windows NT 10.0; Win64; x64) AppleWebKit/537.36 (KHTML, like Gecko) Chrome/83.0.4103.97 Safari/537.36" "AXK5DTwCaSyCPyS9AAAG"
0:0:0:0:0:0:0:1 - - [15/jun/2020:14:35:52 -0300] "GET /js/app.m.33e352d8.chunk.js HTTP/1.1" 200 - "http://localhost:9000/" "Mozilla/5.0 (Windows NT 10.0; Win64; x64) AppleWebKit/537.36 (KHTML, like Gecko) Chrome/83.0.4103.97 Safari/537.36" "AXK5DTwCaSyCPyS9AAAI"
0:0:0:0:0:0:0:1 - - [15/jun/2020:14:35:52 -0300] "GET /favicon.ico HTTP/1.1" 200 5430 "http://localhost:9000/" "Mozilla/5.0 (Windows NT 10.0; Win64; x64) AppleWebKit/537.36 (KHTML, like Gecko) Chrome/83.0.4103.97 Safari/537.36" "AXK5DTwCaSyCPyS9AAAJ"
0:0:0:0:0:0:0:1 - - [15/jun/2020:14:35:52 -0300] "GET /api/users/current HTTP/1.1" 200 112 "http://localhost:9000/" "Mozilla/5.0 (Windows NT 10.0; Win64; x64) AppleWebKit/537.36 (KHTML, like Gecko) Chrome/83.0.4103.97 Safari/537.36" "AXK5DTwCaSyCPyS9AAAD"
0:0:0:0:0:0:0:1 - - [15/jun/2020:14:35:52 -0300] "GET /api/languages/list HTTP/1.1" 200 479 "http://localhost:9000/" "Mozilla/5.0 (Windows NT 10.0; Win64; x64) AppleWebKit/537.36 (KHTML, like Gecko) Chrome/83.0.4103.97 Safari/537.36" "AXK5DTwCaSyCPyS9AAAM"
0:0:0:0:0:0:0:1 - - [15/jun/2020:14:35:52 -0300] "GET /js/22.m.c832dbd0.chunk.js HTTP/1.1" 200 2268 "http://localhost:9000/" "Mozilla/5.0 (Windows NT 10.0; Win64; x64) AppleWebKit/537.36 (KHTML, like Gecko) Chrome/83.0.4103.97 Safari/537.36" "AXK5DTwCaSyCPyS9AAAK"
0:0:0:0:0:0:0:1 - - [15/jun/2020:14:35:52 -0300] "GET /js/360.m.2b65520e.chunk.js HTTP/1.1" 200 593 "http://localhost:9000/" "Mozilla/5.0 (Windows NT 10.0; Win64; x64) AppleWebKit/537.36 (KHTML, like Gecko) Chrome/83.0.4103.97 Safari/537.36" "AXK5DTwCaSyCPyS9AAAL"
0:0:0:0:0:0:0:1 - - [15/jun/2020:14:35:52 -0300] "GET /js/322.m.3fa7a04c.chunk.js HTTP/1.1" 200 - "http://localhost:9000/about" "Mozilla/5.0 (Windows NT 10.0; Win64; x64) AppleWebKit/537.36 (KHTML, like Gecko) Chrome/83.0.4103.97 Safari/537.36" "AXK5DTwCaSyCPyS9AAAN"
0:0:0:0:0:0:0:1 - - [15/jun/2020:14:35:52 -0300] "GET /images/scanner-logos/sonarqube.svg HTTP/1.1" 200 8422 "http://localhost:9000/about" "Mozilla/5.0 (Windows NT 10.0; Win64; x64) AppleWebKit/537.36 (KHTML, like Gecko) Chrome/83.0.4103.97 Safari/537.36" "AXK5DTwCaSyCPyS9AAAR"
0:0:0:0:0:0:0:1 - - [15/jun/2020:14:35:53 -0300] "GET /images/logo.svg?v=6.6 HTTP/1.1" 200 3507 "http://localhost:9000/about" "Mozilla/5.0 (Windows NT 10.0; Win64; x64) AppleWebKit/537.36 (KHTML, like Gecko) Chrome/83.0.4103.97 Safari/537.36" "AXK5DTwCaSyCPyS9AAAS"
0:0:0:0:0:0:0:1 - - [15/jun/2020:14:35:53 -0300] "GET /images/scanner-logos/msbuild.svg HTTP/1.1" 200 722 "http://localhost:9000/about" "Mozilla/5.0 (Windows NT 10.0; Win64; x64) AppleWebKit/537.36 (KHTML, like Gecko) Chrome/83.0.4103.97 Safari/537.36" "AXK5DTwCaSyCPyS9AAAT"
0:0:0:0:0:0:0:1 - - [15/jun/2020:14:35:53 -0300] "GET /images/scanner-logos/gradle.svg HTTP/1.1" 200 3708 "http://localhost:9000/about" "Mozilla/5.0 (Windows NT 10.0; Win64; x64) AppleWebKit/537.36 (KHTML, like Gecko) Chrome/83.0.4103.97 Safari/537.36" "AXK5DTwCaSyCPyS9AAAV"
0:0:0:0:0:0:0:1 - - [15/jun/2020:14:35:53 -0300] "GET /images/scanner-logos/maven.svg HTTP/1.1" 200 2234 "http://localhost:9000/about" "Mozilla/5.0 (Windows NT 10.0; Win64; x64) AppleWebKit/537.36 (KHTML, like Gecko) Chrome/83.0.4103.97 Safari/537.36" "AXK5DTwCaSyCPyS9AAAU"
0:0:0:0:0:0:0:1 - - [15/jun/2020:14:35:53 -0300] "GET /images/scanner-logos/jenkins.svg HTTP/1.1" 200 14902 "http://localhost:9000/about" "Mozilla/5.0 (Windows NT 10.0; Win64; x64) AppleWebKit/537.36 (KHTML, like Gecko) Chrome/83.0.4103.97 Safari/537.36" "AXK5DTwCaSyCPyS9AAAW"
0:0:0:0:0:0:0:1 - - [15/jun/2020:14:35:53 -0300] "GET /images/scanner-logos/ant.svg HTTP/1.1" 200 9688 "http://localhost:9000/about" "Mozilla/5.0 (Windows NT 10.0; Win64; x64) AppleWebKit/537.36 (KHTML, like Gecko) Chrome/83.0.4103.97 Safari/537.36" "AXK5DTwCaSyCPyS9AAAX"
0:0:0:0:0:0:0:1 - - [15/jun/2020:14:35:53 -0300] "GET /api/settings/values?keys=sonar.lf.aboutText HTTP/1.1" 200 15 "http://localhost:9000/about" "Mozilla/5.0 (Windows NT 10.0; Win64; x64) AppleWebKit/537.36 (KHTML, like Gecko) Chrome/83.0.4103.97 Safari/537.36" "AXK5DTwCaSyCPyS9AAAQ"
0:0:0:0:0:0:0:1 - - [15/jun/2020:14:35:54 -0300] "GET /api/components/search_projects?ps=1 HTTP/1.1" 200 194 "http://localhost:9000/about" "Mozilla/5.0 (Windows NT 10.0; Win64; x64) AppleWebKit/537.36 (KHTML, like Gecko) Chrome/83.0.4103.97 Safari/537.36" "AXK5DTwCaSyCPyS9AAAO"
0:0:0:0:0:0:0:1 - - [15/jun/2020:14:35:54 -0300] "GET /api/issues/search?resolved=false&facets=types&ps=1&additionalFields=_all HTTP/1.1" 200 - "http://localhost:9000/about" "Mozilla/5.0 (Windows NT 10.0; Win64; x64) AppleWebKit/537.36 (KHTML, like Gecko) Chrome/83.0.4103.97 Safari/537.36" "AXK5DTwCaSyCPyS9AAAP"
0:0:0:0:0:0:0:1 - - [15/jun/2020:14:35:56 -0300] "GET /sessions/new HTTP/1.1" 200 - "http://localhost:9000/about" "Mozilla/5.0 (Windows NT 10.0; Win64; x64) AppleWebKit/537.36 (KHTML, like Gecko) Chrome/83.0.4103.97 Safari/537.36" "AXK5DTwCaSyCPyS9AAAY"
0:0:0:0:0:0:0:1 - - [15/jun/2020:14:35:56 -0300] "GET /api/navigation/global HTTP/1.1" 200 517 "http://localhost:9000/sessions/new" "Mozilla/5.0 (Windows NT 10.0; Win64; x64) AppleWebKit/537.36 (KHTML, like Gecko) Chrome/83.0.4103.97 Safari/537.36" "AXK5DTwCaSyCPyS9AAAZ"
0:0:0:0:0:0:0:1 - - [15/jun/2020:14:35:56 -0300] "GET /api/l10n/index?locale=pt-BR HTTP/1.1" 200 - "http://localhost:9000/sessions/new" "Mozilla/5.0 (Windows NT 10.0; Win64; x64) AppleWebKit/537.36 (KHTML, like Gecko) Chrome/83.0.4103.97 Safari/537.36" "AXK5DTwCaSyCPyS9AAAa"
0:0:0:0:0:0:0:1 - - [15/jun/2020:14:35:56 -0300] "GET /js/363.m.da387326.chunk.js HTTP/1.1" 200 544 "http://localhost:9000/sessions/new" "Mozilla/5.0 (Windows NT 10.0; Win64; x64) AppleWebKit/537.36 (KHTML, like Gecko) Chrome/83.0.4103.97 Safari/537.36" "AXK5DTwCaSyCPyS9AAAb"
0:0:0:0:0:0:0:1 - - [15/jun/2020:14:35:56 -0300] "GET /js/319.m.991ee7bb.chunk.js HTTP/1.1" 200 8022 "http://localhost:9000/sessions/new" "Mozilla/5.0 (Windows NT 10.0; Win64; x64) AppleWebKit/537.36 (KHTML, like Gecko) Chrome/83.0.4103.97 Safari/537.36" "AXK5DTwCaSyCPyS9AAAc"
0:0:0:0:0:0:0:1 - - [15/jun/2020:14:35:56 -0300] "GET /api/users/identity_providers HTTP/1.1" 200 24 "http://localhost:9000/sessions/new" "Mozilla/5.0 (Windows NT 10.0; Win64; x64) AppleWebKit/537.36 (KHTML, like Gecko) Chrome/83.0.4103.97 Safari/537.36" "AXK5DTwCaSyCPyS9AAAd"
0:0:0:0:0:0:0:1 - - [15/jun/2020:14:35:59 -0300] "POST /api/authentication/login HTTP/1.1" 200 - "http://localhost:9000/sessions/new" "Mozilla/5.0 (Windows NT 10.0; Win64; x64) AppleWebKit/537.36 (KHTML, like Gecko) Chrome/83.0.4103.97 Safari/537.36" "AXK5DTwCaSyCPyS9AAAe"
0:0:0:0:0:0:0:1 - - [15/jun/2020:14:35:59 -0300] "GET / HTTP/1.1" 200 - "http://localhost:9000/sessions/new" "Mozilla/5.0 (Windows NT 10.0; Win64; x64) AppleWebKit/537.36 (KHTML, like Gecko) Chrome/83.0.4103.97 Safari/537.36" "AXK5DTwCaSyCPyS9AAAf"
0:0:0:0:0:0:0:1 - - [15/jun/2020:14:35:59 -0300] "GET /api/l10n/index?locale=pt-BR HTTP/1.1" 200 - "http://localhost:9000/" "Mozilla/5.0 (Windows NT 10.0; Win64; x64) AppleWebKit/537.36 (KHTML, like Gecko) Chrome/83.0.4103.97 Safari/537.36" "AXK5DTwCaSyCPyS9AAAg"
0:0:0:0:0:0:0:1 - - [15/jun/2020:14:35:59 -0300] "GET /api/navigation/global HTTP/1.1" 200 516 "http://localhost:9000/" "Mozilla/5.0 (Windows NT 10.0; Win64; x64) AppleWebKit/537.36 (KHTML, like Gecko) Chrome/83.0.4103.97 Safari/537.36" "AXK5DTwCaSyCPyS9AAAi"
0:0:0:0:0:0:0:1 - - [15/jun/2020:14:35:59 -0300] "GET /api/users/current HTTP/1.1" 200 354 "http://localhost:9000/" "Mozilla/5.0 (Windows NT 10.0; Win64; x64) AppleWebKit/537.36 (KHTML, like Gecko) Chrome/83.0.4103.97 Safari/537.36" "AXK5DTwCaSyCPyS9AAAh"
0:0:0:0:0:0:0:1 - - [15/jun/2020:14:35:59 -0300] "GET /api/languages/list HTTP/1.1" 200 479 "http://localhost:9000/" "Mozilla/5.0 (Windows NT 10.0; Win64; x64) AppleWebKit/537.36 (KHTML, like Gecko) Chrome/83.0.4103.97 Safari/537.36" "AXK5DTwCaSyCPyS9AAAj"
0:0:0:0:0:0:0:1 - - [15/jun/2020:14:35:59 -0300] "GET /js/349.m.54991877.chunk.js HTTP/1.1" 200 4619 "http://localhost:9000/projects" "Mozilla/5.0 (Windows NT 10.0; Win64; x64) AppleWebKit/537.36 (KHTML, like Gecko) Chrome/83.0.4103.97 Safari/537.36" "AXK5DTwCaSyCPyS9AAAk"
0:0:0:0:0:0:0:1 - - [15/jun/2020:14:35:59 -0300] "GET /js/6.m.fbbea440.chunk.js HTTP/1.1" 200 - "http://localhost:9000/projects" "Mozilla/5.0 (Windows NT 10.0; Win64; x64) AppleWebKit/537.36 (KHTML, like Gecko) Chrome/83.0.4103.97 Safari/537.36" "AXK5DTwCaSyCPyS9AAAn"
0:0:0:0:0:0:0:1 - - [15/jun/2020:14:35:59 -0300] "GET /js/1.m.b0d90926.chunk.js HTTP/1.1" 200 - "http://localhost:9000/projects" "Mozilla/5.0 (Windows NT 10.0; Win64; x64) AppleWebKit/537.36 (KHTML, like Gecko) Chrome/83.0.4103.97 Safari/537.36" "AXK5DTwCaSyCPyS9AAAl"
0:0:0:0:0:0:0:1 - - [15/jun/2020:14:35:59 -0300] "GET /js/4.m.0c4f56eb.chunk.js HTTP/1.1" 200 - "http://localhost:9000/projects" "Mozilla/5.0 (Windows NT 10.0; Win64; x64) AppleWebKit/537.36 (KHTML, like Gecko) Chrome/83.0.4103.97 Safari/537.36" "AXK5DTwCaSyCPyS9AAAm"
0:0:0:0:0:0:0:1 - - [15/jun/2020:14:35:59 -0300] "GET /js/278.m.8194b79b.chunk.js HTTP/1.1" 200 - "http://localhost:9000/projects" "Mozilla/5.0 (Windows NT 10.0; Win64; x64) AppleWebKit/537.36 (KHTML, like Gecko) Chrome/83.0.4103.97 Safari/537.36" "AXK5DTwCaSyCPyS9AAAp"
0:0:0:0:0:0:0:1 - - [15/jun/2020:14:35:59 -0300] "GET /js/17.m.d257c442.chunk.js HTTP/1.1" 200 - "http://localhost:9000/projects" "Mozilla/5.0 (Windows NT 10.0; Win64; x64) AppleWebKit/537.36 (KHTML, like Gecko) Chrome/83.0.4103.97 Safari/537.36" "AXK5DTwCaSyCPyS9AAAo"
0:0:0:0:0:0:0:1 - - [15/jun/2020:14:36:00 -0300] "GET /js/24.m.6241f25f.chunk.js HTTP/1.1" 200 - "http://localhost:9000/projects" "Mozilla/5.0 (Windows NT 10.0; Win64; x64) AppleWebKit/537.36 (KHTML, like Gecko) Chrome/83.0.4103.97 Safari/537.36" "AXK5DTwCaSyCPyS9AAAr"
0:0:0:0:0:0:0:1 - - [15/jun/2020:14:36:00 -0300] "GET /js/375.m.4b34400b.chunk.js HTTP/1.1" 200 937 "http://localhost:9000/projects" "Mozilla/5.0 (Windows NT 10.0; Win64; x64) AppleWebKit/537.36 (KHTML, like Gecko) Chrome/83.0.4103.97 Safari/537.36" "AXK5DTwCaSyCPyS9AAAq"
0:0:0:0:0:0:0:1 - - [15/jun/2020:14:36:00 -0300] "GET /api/components/search_projects?ps=50&facets=reliability_rating%2Csecurity_rating%2Csecurity_review_rating%2Csqale_rating%2Ccoverage%2Cduplicated_lines_density%2Cncloc%2Calert_status%2Clanguages%2Ctags&f=analysisDate%2CleakPeriodDate HTTP/1.1" 200 - "http://localhost:9000/projects" "Mozilla/5.0 (Windows NT 10.0; Win64; x64) AppleWebKit/537.36 (KHTML, like Gecko) Chrome/83.0.4103.97 Safari/537.36" "AXK5DTwCaSyCPyS9AAAs"
0:0:0:0:0:0:0:1 - - [15/jun/2020:14:36:00 -0300] "GET /api/organizations/search?organizations=default-organization HTTP/1.1" 200 186 "http://localhost:9000/projects" "Mozilla/5.0 (Windows NT 10.0; Win64; x64) AppleWebKit/537.36 (KHTML, like Gecko) Chrome/83.0.4103.97 Safari/537.36" "AXK5DTwCaSyCPyS9AAAt"
0:0:0:0:0:0:0:1 - - [15/jun/2020:14:36:00 -0300] "GET /api/measures/search?projectKeys=SEAP%2CSRC&metricKeys=alert_status%2Cbugs%2Creliability_rating%2Cvulnerabilities%2Csecurity_rating%2Csecurity_hotspots_reviewed%2Csecurity_review_rating%2Ccode_smells%2Csqale_rating%2Cduplicated_lines_density%2Ccoverage%2Cncloc%2Cncloc_language_distribution HTTP/1.1" 200 903 "http://localhost:9000/projects" "Mozilla/5.0 (Windows NT 10.0; Win64; x64) AppleWebKit/537.36 (KHTML, like Gecko) Chrome/83.0.4103.97 Safari/537.36" "AXK5DTwCaSyCPyS9AAAu"
0:0:0:0:0:0:0:1 - - [15/jun/2020:14:36:05 -0300] "GET /js/3.m.c602b001.chunk.js HTTP/1.1" 200 - "http://localhost:9000/quality_gates" "Mozilla/5.0 (Windows NT 10.0; Win64; x64) AppleWebKit/537.36 (KHTML, like Gecko) Chrome/83.0.4103.97 Safari/537.36" "AXK5DTwCaSyCPyS9AAAw"
0:0:0:0:0:0:0:1 - - [15/jun/2020:14:36:05 -0300] "GET /js/288.m.2d06e451.chunk.js HTTP/1.1" 200 - "http://localhost:9000/quality_gates" "Mozilla/5.0 (Windows NT 10.0; Win64; x64) AppleWebKit/537.36 (KHTML, like Gecko) Chrome/83.0.4103.97 Safari/537.36" "AXK5DTwCaSyCPyS9AAAx"
0:0:0:0:0:0:0:1 - - [15/jun/2020:14:36:05 -0300] "GET /js/0.m.001cebe5.chunk.js HTTP/1.1" 200 - "http://localhost:9000/quality_gates" "Mozilla/5.0 (Windows NT 10.0; Win64; x64) AppleWebKit/537.36 (KHTML, like Gecko) Chrome/83.0.4103.97 Safari/537.36" "AXK5DTwCaSyCPyS9AAAv"
0:0:0:0:0:0:0:1 - - [15/jun/2020:14:36:05 -0300] "GET /api/qualitygates/list? HTTP/1.1" 200 424 "http://localhost:9000/quality_gates" "Mozilla/5.0 (Windows NT 10.0; Win64; x64) AppleWebKit/537.36 (KHTML, like Gecko) Chrome/83.0.4103.97 Safari/537.36" "AXK5DTwCaSyCPyS9AAAy"
0:0:0:0:0:0:0:1 - - [15/jun/2020:14:36:05 -0300] "GET /api/metrics/search?ps=500 HTTP/1.1" 200 - "http://localhost:9000/quality_gates/show/1" "Mozilla/5.0 (Windows NT 10.0; Win64; x64) AppleWebKit/537.36 (KHTML, like Gecko) Chrome/83.0.4103.97 Safari/537.36" "AXK5DTwCaSyCPyS9AAAz"
0:0:0:0:0:0:0:1 - - [15/jun/2020:14:36:05 -0300] "GET /api/qualitygates/show?id=1 HTTP/1.1" 200 508 "http://localhost:9000/quality_gates/show/1" "Mozilla/5.0 (Windows NT 10.0; Win64; x64) AppleWebKit/537.36 (KHTML, like Gecko) Chrome/83.0.4103.97 Safari/537.36" "AXK5DTwCaSyCPyS9AAA0"
0:0:0:0:0:0:0:1 - - [15/jun/2020:14:36:07 -0300] "GET /js/324.m.3c6d8e08.chunk.js HTTP/1.1" 200 - "http://localhost:9000/profiles" "Mozilla/5.0 (Windows NT 10.0; Win64; x64) AppleWebKit/537.36 (KHTML, like Gecko) Chrome/83.0.4103.97 Safari/537.36" "AXK5DTwCaSyCPyS9AAA1"
0:0:0:0:0:0:0:1 - - [15/jun/2020:14:36:07 -0300] "GET /api/qualityprofiles/exporters HTTP/1.1" 200 411 "http://localhost:9000/profiles" "Mozilla/5.0 (Windows NT 10.0; Win64; x64) AppleWebKit/537.36 (KHTML, like Gecko) Chrome/83.0.4103.97 Safari/537.36" "AXK5DTwCaSyCPyS9AAA2"
0:0:0:0:0:0:0:1 - - [15/jun/2020:14:36:07 -0300] "GET /api/qualityprofiles/search? HTTP/1.1" 200 - "http://localhost:9000/profiles" "Mozilla/5.0 (Windows NT 10.0; Win64; x64) AppleWebKit/537.36 (KHTML, like Gecko) Chrome/83.0.4103.97 Safari/537.36" "AXK5DTwCaSyCPyS9AAA3"
0:0:0:0:0:0:0:1 - - [15/jun/2020:14:36:07 -0300] "GET /js/14.m.fddc137f.chunk.js HTTP/1.1" 200 - "http://localhost:9000/profiles" "Mozilla/5.0 (Windows NT 10.0; Win64; x64) AppleWebKit/537.36 (KHTML, like Gecko) Chrome/83.0.4103.97 Safari/537.36" "AXK5DTwCaSyCPyS9AAA5"
0:0:0:0:0:0:0:1 - - [15/jun/2020:14:36:07 -0300] "GET /js/2.m.4f93c34b.chunk.js HTTP/1.1" 200 - "http://localhost:9000/profiles" "Mozilla/5.0 (Windows NT 10.0; Win64; x64) AppleWebKit/537.36 (KHTML, like Gecko) Chrome/83.0.4103.97 Safari/537.36" "AXK5DTwCaSyCPyS9AAA4"
0:0:0:0:0:0:0:1 - - [15/jun/2020:14:36:07 -0300] "GET /js/332.m.fdaab4a5.chunk.js HTTP/1.1" 200 - "http://localhost:9000/profiles" "Mozilla/5.0 (Windows NT 10.0; Win64; x64) AppleWebKit/537.36 (KHTML, like Gecko) Chrome/83.0.4103.97 Safari/537.36" "AXK5DTwCaSyCPyS9AAA6"
0:0:0:0:0:0:0:1 - - [15/jun/2020:14:36:07 -0300] "GET /api/rules/search?asc=false&available_since=2019-06-15&f=name%2ClangName%2Cactives&ps=10&s=createdAt HTTP/1.1" 200 - "http://localhost:9000/profiles" "Mozilla/5.0 (Windows NT 10.0; Win64; x64) AppleWebKit/537.36 (KHTML, like Gecko) Chrome/83.0.4103.97 Safari/537.36" "AXK5DTwCaSyCPyS9AAA7"
0:0:0:0:0:0:0:1 - - [15/jun/2020:14:36:21 -0300] "GET /js/20.m.38ce4860.chunk.js HTTP/1.1" 200 - "http://localhost:9000/profiles" "Mozilla/5.0 (Windows NT 10.0; Win64; x64) AppleWebKit/537.36 (KHTML, like Gecko) Chrome/83.0.4103.97 Safari/537.36" "AXK5DTwCaSyCPyS9AAA8"
0:0:0:0:0:0:0:1 - - [15/jun/2020:14:36:21 -0300] "GET /js/5.m.ac113ed4.chunk.js HTTP/1.1" 200 - "http://localhost:9000/profiles" "Mozilla/5.0 (Windows NT 10.0; Win64; x64) AppleWebKit/537.36 (KHTML, like Gecko) Chrome/83.0.4103.97 Safari/537.36" "AXK5DTwCaSyCPyS9AAA9"
0:0:0:0:0:0:0:1 - - [15/jun/2020:14:36:34 -0300] "GET /api/qualitygates/list? HTTP/1.1" 200 424 "http://localhost:9000/quality_gates" "Mozilla/5.0 (Windows NT 10.0; Win64; x64) AppleWebKit/537.36 (KHTML, like Gecko) Chrome/83.0.4103.97 Safari/537.36" "AXK5DTwCaSyCPyS9AAA+"
0:0:0:0:0:0:0:1 - - [15/jun/2020:14:36:34 -0300] "GET /api/metrics/search?ps=500 HTTP/1.1" 200 - "http://localhost:9000/quality_gates/show/1" "Mozilla/5.0 (Windows NT 10.0; Win64; x64) AppleWebKit/537.36 (KHTML, like Gecko) Chrome/83.0.4103.97 Safari/537.36" "AXK5DTwCaSyCPyS9AAA/"
0:0:0:0:0:0:0:1 - - [15/jun/2020:14:36:34 -0300] "GET /api/qualitygates/show?id=1 HTTP/1.1" 200 508 "http://localhost:9000/quality_gates/show/1" "Mozilla/5.0 (Windows NT 10.0; Win64; x64) AppleWebKit/537.36 (KHTML, like Gecko) Chrome/83.0.4103.97 Safari/537.36" "AXK5DTwCaSyCPyS9AABA"
0:0:0:0:0:0:0:1 - - [15/jun/2020:14:36:44 -0300] "GET /js/311.m.133c7231.chunk.js HTTP/1.1" 200 - "http://localhost:9000/admin/settings" "Mozilla/5.0 (Windows NT 10.0; Win64; x64) AppleWebKit/537.36 (KHTML, like Gecko) Chrome/83.0.4103.97 Safari/537.36" "AXK5DTwCaSyCPyS9AABB"
0:0:0:0:0:0:0:1 - - [15/jun/2020:14:36:44 -0300] "GET /api/navigation/settings HTTP/1.1" 200 41 "http://localhost:9000/admin/settings" "Mozilla/5.0 (Windows NT 10.0; Win64; x64) AppleWebKit/537.36 (KHTML, like Gecko) Chrome/83.0.4103.97 Safari/537.36" "AXK5DTwCaSyCPyS9AABC"
0:0:0:0:0:0:0:1 - - [15/jun/2020:14:36:44 -0300] "GET /api/system/status HTTP/1.1" 200 76 "http://localhost:9000/admin/settings" "Mozilla/5.0 (Windows NT 10.0; Win64; x64) AppleWebKit/537.36 (KHTML, like Gecko) Chrome/83.0.4103.97 Safari/537.36" "AXK5DTwCaSyCPyS9AABE"
0:0:0:0:0:0:0:1 - - [15/jun/2020:14:36:44 -0300] "GET /js/298.m.671667c3.chunk.js HTTP/1.1" 200 - "http://localhost:9000/admin/settings" "Mozilla/5.0 (Windows NT 10.0; Win64; x64) AppleWebKit/537.36 (KHTML, like Gecko) Chrome/83.0.4103.97 Safari/537.36" "AXK5DTwCaSyCPyS9AABF"
0:0:0:0:0:0:0:1 - - [15/jun/2020:14:36:44 -0300] "GET /js/315.m.76b48c73.chunk.js HTTP/1.1" 200 - "http://localhost:9000/admin/settings" "Mozilla/5.0 (Windows NT 10.0; Win64; x64) AppleWebKit/537.36 (KHTML, like Gecko) Chrome/83.0.4103.97 Safari/537.36" "AXK5DTwCaSyCPyS9AABG"
0:0:0:0:0:0:0:1 - - [15/jun/2020:14:36:44 -0300] "GET /api/settings/list_definitions? HTTP/1.1" 200 - "http://localhost:9000/admin/settings" "Mozilla/5.0 (Windows NT 10.0; Win64; x64) AppleWebKit/537.36 (KHTML, like Gecko) Chrome/83.0.4103.97 Safari/537.36" "AXK5DTwCaSyCPyS9AABH"
0:0:0:0:0:0:0:1 - - [15/jun/2020:14:36:44 -0300] "GET /api/settings/values?keys=sonar.lf.aboutText%2Csonar.builtInQualityProfiles.disableNotificationOnUpdate%2Csonar.cpd.cross_project%2Csonar.issues.defaultAssigneeLogin%2Cemail.prefix%2Csonar.lf.enableGravatar%2Cemail.from%2Cemail.fromName%2Csonar.lf.gravatarServerUrl%2Csonar.lf.logoUrl%2Cemail.smtp_secure_connection.secured%2Csonar.core.serverBaseURL%2Cemail.smtp_host.secured%2Cemail.smtp_password.secured%2Cemail.smtp_port.secured%2Cemail.smtp_username.secured%2Csonar.lf.logoWidthPx HTTP/1.1" 200 636 "http://localhost:9000/admin/settings" "Mozilla/5.0 (Windows NT 10.0; Win64; x64) AppleWebKit/537.36 (KHTML, like Gecko) Chrome/83.0.4103.97 Safari/537.36" "AXK5DTwCaSyCPyS9AABI"
0:0:0:0:0:0:0:1 - - [15/jun/2020:14:36:45 -0300] "GET /js/304.m.3fbd12e4.chunk.js HTTP/1.1" 200 - "http://localhost:9000/admin/marketplace" "Mozilla/5.0 (Windows NT 10.0; Win64; x64) AppleWebKit/537.36 (KHTML, like Gecko) Chrome/83.0.4103.97 Safari/537.36" "AXK5DTwCaSyCPyS9AABJ"
0:0:0:0:0:0:0:1 - - [15/jun/2020:14:36:45 -0300] "GET /api/navigation/marketplace HTTP/1.1" 200 56 "http://localhost:9000/admin/marketplace" "Mozilla/5.0 (Windows NT 10.0; Win64; x64) AppleWebKit/537.36 (KHTML, like Gecko) Chrome/83.0.4103.97 Safari/537.36" "AXK5DTwCaSyCPyS9AABK"
0:0:0:0:0:0:0:1 - - [15/jun/2020:14:36:45 -0300] "GET /images/embed-doc/images/sonarqube-icon.png HTTP/1.1" 200 4926 "http://localhost:9000/admin/marketplace" "Mozilla/5.0 (Windows NT 10.0; Win64; x64) AppleWebKit/537.36 (KHTML, like Gecko) Chrome/83.0.4103.97 Safari/537.36" "AXK5DTwCaSyCPyS9AABO"
0:0:0:0:0:0:0:1 - - [15/jun/2020:14:36:48 -0300] "GET /api/plugins/installed?f=category HTTP/1.1" 200 - "http://localhost:9000/admin/marketplace" "Mozilla/5.0 (Windows NT 10.0; Win64; x64) AppleWebKit/537.36 (KHTML, like Gecko) Chrome/83.0.4103.97 Safari/537.36" "AXK5DTwCaSyCPyS9AABL"
0:0:0:0:0:0:0:1 - - [15/jun/2020:14:36:48 -0300] "GET /api/plugins/available HTTP/1.1" 200 - "http://localhost:9000/admin/marketplace" "Mozilla/5.0 (Windows NT 10.0; Win64; x64) AppleWebKit/537.36 (KHTML, like Gecko) Chrome/83.0.4103.97 Safari/537.36" "AXK5DTwCaSyCPyS9AABM"
0:0:0:0:0:0:0:1 - - [15/jun/2020:14:36:48 -0300] "GET /api/plugins/pending HTTP/1.1" 200 45 "http://localhost:9000/admin/settings" "Mozilla/5.0 (Windows NT 10.0; Win64; x64) AppleWebKit/537.36 (KHTML, like Gecko) Chrome/83.0.4103.97 Safari/537.36" "AXK5DTwCaSyCPyS9AABD"
0:0:0:0:0:0:0:1 - - [15/jun/2020:14:36:48 -0300] "GET /api/plugins/updates HTTP/1.1" 200 - "http://localhost:9000/admin/marketplace" "Mozilla/5.0 (Windows NT 10.0; Win64; x64) AppleWebKit/537.36 (KHTML, like Gecko) Chrome/83.0.4103.97 Safari/537.36" "AXK5DTwCaSyCPyS9AABN"
0:0:0:0:0:0:0:1 - - [15/jun/2020:14:37:26 -0300] "POST /api/plugins/install HTTP/1.1" 204 - "http://localhost:9000/admin/marketplace" "Mozilla/5.0 (Windows NT 10.0; Win64; x64) AppleWebKit/537.36 (KHTML, like Gecko) Chrome/83.0.4103.97 Safari/537.36" "AXK5DTwCaSyCPyS9AABP"
0:0:0:0:0:0:0:1 - - [15/jun/2020:14:37:26 -0300] "GET /api/plugins/pending HTTP/1.1" 200 - "http://localhost:9000/admin/marketplace" "Mozilla/5.0 (Windows NT 10.0; Win64; x64) AppleWebKit/537.36 (KHTML, like Gecko) Chrome/83.0.4103.97 Safari/537.36" "AXK5DTwCaSyCPyS9AABQ"
0:0:0:0:0:0:0:1 - - [15/jun/2020:14:37:54 -0300] "GET /js/296.m.3c6381fe.chunk.js HTTP/1.1" 200 - "http://localhost:9000/admin/system" "Mozilla/5.0 (Windows NT 10.0; Win64; x64) AppleWebKit/537.36 (KHTML, like Gecko) Chrome/83.0.4103.97 Safari/537.36" "AXK5DTwCaSyCPyS9AABR"
0:0:0:0:0:0:0:1 - - [15/jun/2020:14:37:54 -0300] "GET /api/system/upgrades HTTP/1.1" 200 - "http://localhost:9000/admin/system" "Mozilla/5.0 (Windows NT 10.0; Win64; x64) AppleWebKit/537.36 (KHTML, like Gecko) Chrome/83.0.4103.97 Safari/537.36" "AXK5DTwCaSyCPyS9AABS"
0:0:0:0:0:0:0:1 - - [15/jun/2020:14:37:55 -0300] "GET /api/system/info HTTP/1.1" 200 - "http://localhost:9000/admin/system" "Mozilla/5.0 (Windows NT 10.0; Win64; x64) AppleWebKit/537.36 (KHTML, like Gecko) Chrome/83.0.4103.97 Safari/537.36" "AXK5DTwCaSyCPyS9AABT"
0:0:0:0:0:0:0:1 - - [15/jun/2020:16:14:25 -0300] "GET /api/qualityprofiles/exporters HTTP/1.1" 200 411 "http://localhost:9000/profiles" "Mozilla/5.0 (Windows NT 10.0; Win64; x64) AppleWebKit/537.36 (KHTML, like Gecko) Chrome/83.0.4103.97 Safari/537.36" "AXK5DTwCaSyCPyS9AABU"
0:0:0:0:0:0:0:1 - - [15/jun/2020:16:14:25 -0300] "GET /api/qualityprofiles/search? HTTP/1.1" 200 - "http://localhost:9000/profiles" "Mozilla/5.0 (Windows NT 10.0; Win64; x64) AppleWebKit/537.36 (KHTML, like Gecko) Chrome/83.0.4103.97 Safari/537.36" "AXK5DTwCaSyCPyS9AABV"
0:0:0:0:0:0:0:1 - - [15/jun/2020:16:14:25 -0300] "GET /api/rules/search?asc=false&available_since=2019-06-15&f=name%2ClangName%2Cactives&ps=10&s=createdAt HTTP/1.1" 200 - "http://localhost:9000/profiles" "Mozilla/5.0 (Windows NT 10.0; Win64; x64) AppleWebKit/537.36 (KHTML, like Gecko) Chrome/83.0.4103.97 Safari/537.36" "AXK5DTwCaSyCPyS9AABW"
0:0:0:0:0:0:0:1 - - [15/jun/2020:16:14:30 -0300] "GET /api/qualityprofiles/importers HTTP/1.1" 200 245 "http://localhost:9000/profiles" "Mozilla/5.0 (Windows NT 10.0; Win64; x64) AppleWebKit/537.36 (KHTML, like Gecko) Chrome/83.0.4103.97 Safari/537.36" "AXK5DTwCaSyCPyS9AABX"
0:0:0:0:0:0:0:1 - - [15/jun/2020:16:14:57 -0300] "GET /api/qualityprofiles/importers HTTP/1.1" 200 245 "http://localhost:9000/profiles" "Mozilla/5.0 (Windows NT 10.0; Win64; x64) AppleWebKit/537.36 (KHTML, like Gecko) Chrome/83.0.4103.97 Safari/537.36" "AXK5DTwCaSyCPyS9AABY"
